
  .   ____          _            __ _ _
 /\\ / ___'_ __ _ _(_)_ __  __ _ \ \ \ \
( ( )\___ | '_ | '_| | '_ \/ _` | \ \ \ \
 \\/  ___)| |_)| | | | | || (_| |  ) ) ) )
  '  |____| .__|_| |_|_| |_\__, | / / / /
 =========|_|==============|___/=/_/_/_/
 :: Spring Boot ::        (v2.0.3.RELEASE)

2019-08-04 11:06:48.362  INFO 1372 --- [           main] com.project.ProjectStarter               : Starting ProjectStarter v1.0-SNAPSHOT on emotibot-2.local with PID 1372 (/Users/liufeng/IdeaProjects/smart_oven/target/smart_oven-1.0-SNAPSHOT.jar started by liufeng in /Users/liufeng/IdeaProjects/smart_oven/target)
2019-08-04 11:06:48.366  INFO 1372 --- [           main] com.project.ProjectStarter               : No active profile set, falling back to default profiles: default
2019-08-04 11:06:48.433  INFO 1372 --- [           main] ConfigServletWebServerApplicationContext : Refreshing org.springframework.boot.web.servlet.context.AnnotationConfigServletWebServerApplicationContext@768debd: startup date [Sun Aug 04 11:06:48 CST 2019]; root of context hierarchy
2019-08-04 11:06:49.402  INFO 1372 --- [           main] o.s.b.w.embedded.tomcat.TomcatWebServer  : Tomcat initialized with port(s): 8090 (http)
2019-08-04 11:06:49.431  INFO 1372 --- [           main] o.apache.catalina.core.StandardService   : Starting service [Tomcat]
2019-08-04 11:06:49.432  INFO 1372 --- [           main] org.apache.catalina.core.StandardEngine  : Starting Servlet Engine: Apache Tomcat/8.5.31
2019-08-04 11:06:49.441  INFO 1372 --- [ost-startStop-1] o.a.catalina.core.AprLifecycleListener   : The APR based Apache Tomcat Native library which allows optimal performance in production environments was not found on the java.library.path: [/Users/liufeng/Library/Java/Extensions:/Library/Java/Extensions:/Network/Library/Java/Extensions:/System/Library/Java/Extensions:/usr/lib/java:.]
2019-08-04 11:06:49.542  INFO 1372 --- [ost-startStop-1] o.a.c.c.C.[Tomcat].[localhost].[/]       : Initializing Spring embedded WebApplicationContext
2019-08-04 11:06:49.542  INFO 1372 --- [ost-startStop-1] o.s.web.context.ContextLoader            : Root WebApplicationContext: initialization completed in 1113 ms
2019-08-04 11:06:49.668  INFO 1372 --- [ost-startStop-1] o.s.b.w.servlet.ServletRegistrationBean  : Servlet dispatcherServlet mapped to [/]
2019-08-04 11:06:49.673  INFO 1372 --- [ost-startStop-1] o.s.b.w.servlet.FilterRegistrationBean   : Mapping filter: 'characterEncodingFilter' to: [/*]
2019-08-04 11:06:49.674  INFO 1372 --- [ost-startStop-1] o.s.b.w.servlet.FilterRegistrationBean   : Mapping filter: 'hiddenHttpMethodFilter' to: [/*]
2019-08-04 11:06:49.674  INFO 1372 --- [ost-startStop-1] o.s.b.w.servlet.FilterRegistrationBean   : Mapping filter: 'httpPutFormContentFilter' to: [/*]
2019-08-04 11:06:49.674  INFO 1372 --- [ost-startStop-1] o.s.b.w.servlet.FilterRegistrationBean   : Mapping filter: 'requestContextFilter' to: [/*]
2019-08-04 11:06:49.789  INFO 1372 --- [           main] o.s.w.s.handler.SimpleUrlHandlerMapping  : Mapped URL path [/**/favicon.ico] onto handler of type [class org.springframework.web.servlet.resource.ResourceHttpRequestHandler]
2019-08-04 11:06:49.945  INFO 1372 --- [           main] s.w.s.m.m.a.RequestMappingHandlerAdapter : Looking for @ControllerAdvice: org.springframework.boot.web.servlet.context.AnnotationConfigServletWebServerApplicationContext@768debd: startup date [Sun Aug 04 11:06:48 CST 2019]; root of context hierarchy
2019-08-04 11:06:50.011  INFO 1372 --- [           main] s.w.s.m.m.a.RequestMappingHandlerMapping : Mapped "{[/test.do]}" onto public void com.project.controller.MobileController.test()
2019-08-04 11:06:50.016  INFO 1372 --- [           main] s.w.s.m.m.a.RequestMappingHandlerMapping : Mapped "{[/error]}" onto public org.springframework.http.ResponseEntity<java.util.Map<java.lang.String, java.lang.Object>> org.springframework.boot.autoconfigure.web.servlet.error.BasicErrorController.error(javax.servlet.http.HttpServletRequest)
2019-08-04 11:06:50.017  INFO 1372 --- [           main] s.w.s.m.m.a.RequestMappingHandlerMapping : Mapped "{[/error],produces=[text/html]}" onto public org.springframework.web.servlet.ModelAndView org.springframework.boot.autoconfigure.web.servlet.error.BasicErrorController.errorHtml(javax.servlet.http.HttpServletRequest,javax.servlet.http.HttpServletResponse)
2019-08-04 11:06:50.043  INFO 1372 --- [           main] o.s.w.s.handler.SimpleUrlHandlerMapping  : Mapped URL path [/webjars/**] onto handler of type [class org.springframework.web.servlet.resource.ResourceHttpRequestHandler]
2019-08-04 11:06:50.043  INFO 1372 --- [           main] o.s.w.s.handler.SimpleUrlHandlerMapping  : Mapped URL path [/**] onto handler of type [class org.springframework.web.servlet.resource.ResourceHttpRequestHandler]
2019-08-04 11:06:50.205  INFO 1372 --- [           main] o.s.j.e.a.AnnotationMBeanExporter        : Registering beans for JMX exposure on startup
2019-08-04 11:06:50.252  INFO 1372 --- [           main] o.s.b.w.embedded.tomcat.TomcatWebServer  : Tomcat started on port(s): 8090 (http) with context path ''
2019-08-04 11:06:50.255  INFO 1372 --- [           main] com.project.ProjectStarter               : Started ProjectStarter in 17.262 seconds (JVM running for 17.696)
2019-08-04 11:06:54.575  INFO 1372 --- [nio-8090-exec-1] o.a.c.c.C.[Tomcat].[localhost].[/]       : Initializing Spring FrameworkServlet 'dispatcherServlet'
2019-08-04 11:06:54.576  INFO 1372 --- [nio-8090-exec-1] o.s.web.servlet.DispatcherServlet        : FrameworkServlet 'dispatcherServlet': initialization started
2019-08-04 11:06:54.591  INFO 1372 --- [nio-8090-exec-1] o.s.web.servlet.DispatcherServlet        : FrameworkServlet 'dispatcherServlet': initialization completed in 15 ms
success
